  server.c
c:\loginserver\project3\server.c(23): warning C4133: '함수': 'LPSTR'과(와) 'LPWSTR' 사이의 형식이 호환되지 않습니다.
c:\loginserver\project3\server.c(24): warning C4133: '함수': 'LPCSTR'과(와) 'LPCWSTR' 사이의 형식이 호환되지 않습니다.
c:\loginserver\project3\server.c(24): warning C4133: '함수': 'const char *'과(와) 'LPCWSTR' 사이의 형식이 호환되지 않습니다.
c:\loginserver\project3\server.c(158): warning C4477: 'printf' : 서식 문자열 '%d'에 'int' 형식의 인수가 필요하지만 variadic 인수 1의 형식이 'my_ulonglong'입니다.
  c:\loginserver\project3\server.c(158): note: 서식 문자열에서 '%lld'을(를) 사용하는 것이 좋습니다.
  c:\loginserver\project3\server.c(158): note: 서식 문자열에서 '%Id'을(를) 사용하는 것이 좋습니다.
  c:\loginserver\project3\server.c(158): note: 서식 문자열에서 '%I64d'을(를) 사용하는 것이 좋습니다.
c:\loginserver\project3\server.c(216): warning C4244: '=': 'my_ulonglong'에서 'int'(으)로 변환하면서 데이터가 손실될 수 있습니다.
c:\loginserver\project3\server.c(250): warning C4244: '=': 'my_ulonglong'에서 'int'(으)로 변환하면서 데이터가 손실될 수 있습니다.
c:\loginserver\project3\server.c(284): warning C4244: '=': 'my_ulonglong'에서 'int'(으)로 변환하면서 데이터가 손실될 수 있습니다.
c:\loginserver\project3\server.c(317): warning C4244: '=': 'my_ulonglong'에서 'int'(으)로 변환하면서 데이터가 손실될 수 있습니다.
c:\loginserver\project3\server.c(350): warning C4244: '=': 'my_ulonglong'에서 'int'(으)로 변환하면서 데이터가 손실될 수 있습니다.
c:\loginserver\project3\server.c(388): warning C4244: '=': 'my_ulonglong'에서 'int'(으)로 변환하면서 데이터가 손실될 수 있습니다.
c:\loginserver\project3\server.c(94): warning C4101: 'msg' :참조되지 않은 지역 변수입니다.
  코드를 생성하고 있습니다.
  2 of 16 functions (12.5%) were compiled, the rest were copied from previous compilation.
    0 functions were new in current compilation
    0 functions had inline decision re-evaluated but remain unchanged
  코드를 생성했습니다.
  Project3.vcxproj -> C:\LoginServer\x64\Release\Project3.exe
